<?xml version="1.0" encoding="UTF-8"?>
<testsuite xmlns:xsi="http://www.w3.org/2001/XMLSchema-instance" xsi:noNamespaceSchemaLocation="https://maven.apache.org/surefire/maven-surefire-plugin/xsd/surefire-test-report-3.0.xsd" version="3.0" name="com.alibou.security.SecurityApplicationTests" time="8.533" tests="1" errors="0" skipped="0" failures="0">
  <properties>
[...]
</properties>
  <testcase name="contextLoads" classname="com.alibou.security.SecurityApplicationTests" time="0.565">
    <system-out><![CDATA[20:45:23.682 [main] INFO org.springframework.test.context.support.AnnotationConfigContextLoaderUtils -- Could not detect default configuration classes for test class [com.alibou.security.SecurityApplicationTests]: SecurityApplicationTests does not declare any static, non-private, non-final, nested classes annotated with @Configuration.
20:45:23.831 [main] INFO org.springframework.boot.test.context.SpringBootTestContextBootstrapper -- Found @SpringBootConfiguration com.alibou.security.SecurityApplication for test class com.alibou.security.SecurityApplicationTests

  .   ____          _            __ _ _
 /\\ / ___'_ __ _ _(_)_ __  __ _ \ \ \ \
( ( )\___ | '_ | '_| | '_ \/ _` | \ \ \ \
 \\/  ___)| |_)| | | | | || (_| |  ) ) ) )
  '  |____| .__|_| |_|_| |_\__, | / / / /
 =========|_|==============|___/=/_/_/_/
 :: Spring Boot ::                (v3.1.4)

2025-02-20T20:45:24.464-03:00  INFO 24352 --- [           main] c.a.security.SecurityApplicationTests    : Starting SecurityApplicationTests using Java 17.0.2 with PID 24352 (started by Vinicius in E:\projetos\java\spring-boot-3-jwt-security-main)
2025-02-20T20:45:24.466-03:00  INFO 24352 --- [           main] c.a.security.SecurityApplicationTests    : No active profile set, falling back to 1 default profile: "default"
2025-02-20T20:45:25.674-03:00  INFO 24352 --- [           main] .s.d.r.c.RepositoryConfigurationDelegate : Bootstrapping Spring Data JPA repositories in DEFAULT mode.
2025-02-20T20:45:25.751-03:00  INFO 24352 --- [           main] .s.d.r.c.RepositoryConfigurationDelegate : Finished Spring Data repository scanning in 66 ms. Found 3 JPA repository interfaces.
2025-02-20T20:45:26.452-03:00  INFO 24352 --- [           main] o.hibernate.jpa.internal.util.LogHelper  : HHH000204: Processing PersistenceUnitInfo [name: default]
2025-02-20T20:45:26.561-03:00  INFO 24352 --- [           main] org.hibernate.Version                    : HHH000412: Hibernate ORM core version 6.2.9.Final
2025-02-20T20:45:26.564-03:00  INFO 24352 --- [           main] org.hibernate.cfg.Environment            : HHH000406: Using bytecode reflection optimizer
2025-02-20T20:45:26.847-03:00  INFO 24352 --- [           main] o.h.b.i.BytecodeProviderInitiator        : HHH000021: Bytecode provider name : bytebuddy
2025-02-20T20:45:27.071-03:00  INFO 24352 --- [           main] o.s.o.j.p.SpringPersistenceUnitInfo      : No LoadTimeWeaver setup: ignoring JPA class transformer
2025-02-20T20:45:27.094-03:00  INFO 24352 --- [           main] com.zaxxer.hikari.HikariDataSource       : HikariPool-1 - Starting...
2025-02-20T20:45:27.367-03:00  INFO 24352 --- [           main] com.zaxxer.hikari.pool.HikariPool        : HikariPool-1 - Added connection org.postgresql.jdbc.PgConnection@7dd3981e
2025-02-20T20:45:27.370-03:00  INFO 24352 --- [           main] com.zaxxer.hikari.HikariDataSource       : HikariPool-1 - Start completed.
2025-02-20T20:45:27.811-03:00  INFO 24352 --- [           main] o.h.b.i.BytecodeProviderInitiator        : HHH000021: Bytecode provider name : bytebuddy
2025-02-20T20:45:28.838-03:00  INFO 24352 --- [           main] o.h.e.t.j.p.i.JtaPlatformInitiator       : HHH000490: Using JtaPlatform implementation: [org.hibernate.engine.transaction.jta.platform.internal.NoJtaPlatform]
2025-02-20T20:45:28.863-03:00  WARN 24352 --- [           main] o.h.engine.jdbc.spi.SqlExceptionHelper   : SQL Warning Code: 0, SQLState: 00000
2025-02-20T20:45:28.863-03:00  WARN 24352 --- [           main] o.h.engine.jdbc.spi.SqlExceptionHelper   : relation "token" does not exist, skipping
2025-02-20T20:45:28.864-03:00  WARN 24352 --- [           main] o.h.engine.jdbc.spi.SqlExceptionHelper   : SQL Warning Code: 0, SQLState: 00000
2025-02-20T20:45:28.865-03:00  WARN 24352 --- [           main] o.h.engine.jdbc.spi.SqlExceptionHelper   : table "_user" does not exist, skipping
2025-02-20T20:45:28.865-03:00  WARN 24352 --- [           main] o.h.engine.jdbc.spi.SqlExceptionHelper   : SQL Warning Code: 0, SQLState: 00000
2025-02-20T20:45:28.865-03:00  WARN 24352 --- [           main] o.h.engine.jdbc.spi.SqlExceptionHelper   : table "book" does not exist, skipping
2025-02-20T20:45:28.866-03:00  WARN 24352 --- [           main] o.h.engine.jdbc.spi.SqlExceptionHelper   : SQL Warning Code: 0, SQLState: 00000
2025-02-20T20:45:28.866-03:00  WARN 24352 --- [           main] o.h.engine.jdbc.spi.SqlExceptionHelper   : table "token" does not exist, skipping
2025-02-20T20:45:28.867-03:00  WARN 24352 --- [           main] o.h.engine.jdbc.spi.SqlExceptionHelper   : SQL Warning Code: 0, SQLState: 00000
2025-02-20T20:45:28.868-03:00  WARN 24352 --- [           main] o.h.engine.jdbc.spi.SqlExceptionHelper   : sequence "_user_seq" does not exist, skipping
2025-02-20T20:45:28.868-03:00  WARN 24352 --- [           main] o.h.engine.jdbc.spi.SqlExceptionHelper   : SQL Warning Code: 0, SQLState: 00000
2025-02-20T20:45:28.868-03:00  WARN 24352 --- [           main] o.h.engine.jdbc.spi.SqlExceptionHelper   : sequence "book_seq" does not exist, skipping
2025-02-20T20:45:28.869-03:00  WARN 24352 --- [           main] o.h.engine.jdbc.spi.SqlExceptionHelper   : SQL Warning Code: 0, SQLState: 00000
2025-02-20T20:45:28.870-03:00  WARN 24352 --- [           main] o.h.engine.jdbc.spi.SqlExceptionHelper   : sequence "token_seq" does not exist, skipping
2025-02-20T20:45:28.960-03:00  INFO 24352 --- [           main] j.LocalContainerEntityManagerFactoryBean : Initialized JPA EntityManagerFactory for persistence unit 'default'
2025-02-20T20:45:29.414-03:00  INFO 24352 --- [           main] o.s.d.j.r.query.QueryEnhancerFactory     : Hibernate is in classpath; If applicable, HQL parser will be used.
2025-02-20T20:45:30.180-03:00  WARN 24352 --- [           main] JpaBaseConfiguration$JpaWebConfiguration : spring.jpa.open-in-view is enabled by default. Therefore, database queries may be performed during view rendering. Explicitly configure spring.jpa.open-in-view to disable this warning
2025-02-20T20:45:30.309-03:00  INFO 24352 --- [           main] o.s.s.web.DefaultSecurityFilterChain     : Will secure any request with [org.springframework.security.web.session.DisableEncodeUrlFilter@1e0be005, org.springframework.security.web.context.request.async.WebAsyncManagerIntegrationFilter@1fd226da, org.springframework.security.web.context.SecurityContextHolderFilter@5d685156, org.springframework.security.web.header.HeaderWriterFilter@75b598a5, org.springframework.security.web.authentication.logout.LogoutFilter@76b35c38, com.alibou.security.config.JwtAuthenticationFilter@4ed096cc, org.springframework.security.web.savedrequest.RequestCacheAwareFilter@55aadbf2, org.springframework.security.web.servletapi.SecurityContextHolderAwareRequestFilter@44c141ce, org.springframework.security.web.authentication.AnonymousAuthenticationFilter@36cd58e7, org.springframework.security.web.session.SessionManagementFilter@64d128d0, org.springframework.security.web.access.ExceptionTranslationFilter@21440e36, org.springframework.security.web.access.intercept.AuthorizationFilter@21f41593]
2025-02-20T20:45:31.048-03:00  INFO 24352 --- [           main] c.a.security.SecurityApplicationTests    : Started SecurityApplicationTests in 6.983 seconds (process running for 8.318)
Admin token: eyJhbGciOiJIUzI1NiJ9.eyJzdWIiOiJhZG1pbkBtYWlsLmNvbSIsImlhdCI6MTc0MDA5NTEzMSwiZXhwIjoxNzQwMTgxNTMxfQ.bTSljwj9KDnxE07kTU9vFnQAtWMyrNh2je3LBKZbeQs
Manager token: eyJhbGciOiJIUzI1NiJ9.eyJzdWIiOiJtYW5hZ2VyQG1haWwuY29tIiwiaWF0IjoxNzQwMDk1MTMxLCJleHAiOjE3NDAxODE1MzF9.Tc_nSG5gVmVpa4bwKMvdNgDKE-hN8MDNy4F3Ma7y-9o
]]></system-out>
  </testcase>
</testsuite>